9r4jnp 0 32
e8e6lk2 0 24
e8e9sp9 1 14
e8egd28 0 16
e8ehazq 0 1
e8eksh7 0 13
e8el96j 0 74
e8emvf2 1 191
e8eq1jo 0 11
e8eqa2g 1 56
e8ell6v 0 22
e8elrz2 0 101
e8emj0r 0 18
e8encjp 1 29
e8enxfy 0 13
e8epd8r 0 23
e8eq12r 0 10
e8eo107 0 13
e8eqn1c 0 16
e8en3oj 0 37
e8eo3bp 0 27
e8enigq 0 25
e8enyx8 0 62
e8envjk 0 16
e8enrfj 0 25
e8enf9k 0 19
e8eosyv 0 55
e8eok2y 0 5
e8epbmf 0 107
e8eni4x 0 20
e8eq1s8 4 43
e8epuo7 2 83
e8eqh45 0 110
e8epksf 0 50
e8egy16 0 88
e8eizcu 0 15
e8el125 0 13
e8elypm 0 39
e8emss2 0 28
e8enbli 2 33
e8eob3u 1 65
e8eql00 1 25
e8eor82 0 18
e8ep0x9 1 58
e8eqd2r 0 40
e8ei3fz 0 69
e8enrz2 0 24
e8epyu9 0 17
e8em5wp 0 127
e8emr69 0 17
e8eivs2 0 30
e8emd6a 0 100
e8epab3 0 115
e8eqcfh 0 38
e8ely26 0 44
e8eorog 0 12
e8eqaps 0 39
e8eamgk 0 2
e8ekbyr 0 23
e8elkkj 0 9
e8eojvx 0 6
e8ekwa6 0 16
e8ep0f6 1 30
e8el4fo 0 12
e8em29j 1 46
e8eoib8 0 0
e8eo2bu 0 16
e8eoyie 0 20
e8elj5q 0 29
e8em0zi 0 39
e8encea 3 51
e8enl40 1 104
e8emgqs 0 9
e8emzlh 0 24
e8en4ds 0 32
e8en6wq 0 1
e8en7iw 0 14
e8enlbq 0 27
e8eo630 0 25
e8eo7i1 0 28
e8eodw4 1 90
e8eonr5 0 10
e8epp14 1 55
e8eq0wa 1 22
e8eq8y5 2 133
e8eqlz7 0 27
e8elhod 2 16
e8ekynn 0 12
e8elryz 1 21
e8eljuk 0 47
e8elsrt 0 16
e8endj8 0 22
e8ennsf 0 27
e8epbd6 0 18
e8elhw0 0 147
e8emfuj 0 133
e8ekdxd 0 174
e8eld63 2 56
e8elr1h 0 62
e8elpla 0 21
e8en7zu 0 36
e8enfh8 0 59
e8eo0tk 0 73
e8eko4m 0 20
e8eks4l 1 53
e8emp5k 0 86
e8e7ys7 0 38
e8e88ge 1 36
e8ed9c4 0 10
e8edy7l 0 12
e8ee9oa 0 24
e8ekwmq 0 17
e8eox6v 0 16
e8eoxxf 0 29
e8eqbkj 2 43
e8elodj 0 7
e8emg4p 0 4
e8en7ry 0 5
e8elsey 1 21
e8emzk4 1 16
e8en1la 0 6
e8enaai 0 1
e8eqfxo 0 12
e8enjfi 0 13
e8eqe54 0 15
e8eg4oa 0 8
e8end0z 0 7
e8eqlue 0 29
e8eou9g 0 13
e8epoky 0 21
e8ebul5 1 24
e8edk0c 1 19
e8edtwj 0 16
e8efumq 0 29
e8ehyot 2 148
e8ehzof 8 95
e8eimlg 0 70
e8eirwp 0 12
e8emfxg 1 56
e8epiwe 0 45
e8eon26 0 54
e8en0fd 0 17
e8ejyb0 1 90
e8ennqo 0 28
e8eor4h 0 18
e8ennns 0 12
e8eexxw 0 17
e8emuxc 0 16
e8ehfoh 0 8
e8eipby 0 3
e8eiw1n 0 21
e8elfa2 1 103
e8emasm 0 12
e8eq05z 0 4
e8eptsq 2 66
e8epu9y 0 62
e8e8fsr 0 13
e8efcsj 0 165
e8e8q2s 0 10
e8e9j38 0 10
e8eo25f 0 18
e8ej99n 0 69
e8e974u 0 44
e8ed5xv 0 51
e8eig0t 0 20
e8eevxx 0 1
e8en8f7 0 30
e8ekclt 0 87
e8em4yv 1 32
e8enrso 0 31
e8elvla 0 73
e8epwp3 1 16
e8ell5s 0 25
e8emcdq 0 21
e8ea721 0 109
e8eba57 0 29
e8easmh 0 67
e8ec3d6 0 26
e8enai6 0 26
e8elnxu 3 100
e8eqafm 2 202
e8ekwv8 1 133
e8ea6ji 1 125
e8ecen7 0 6
e8eiu0j 0 12
e8en95o 1 163
e8edmp1 0 15
e8eeoba 4 56
e8ega3w 0 103
e8ejbq3 0 24
e8eosro 0 28
e8eo3eq 0 8
e8endf9 5 190
e8ekka4 0 48
e8en5i5 0 370
e8ec38x 1 51
e8ecz3r 1 30
e8eeh6o 0 16
e8ehr0k 0 95
e8emc45 0 17
e8eksld 1 46
e8em4zi 0 29
e8emf0e 0 39
e8enf02 1 50
e8ebztu 0 38
e8ed3ay 0 23
e8enfa2 0 6
e8ecgul 0 56
e8ecvr9 0 28
e8egkzv 2 46
e8ef66h 1 42
e8ebh53 0 27
e8ejwzf 0 28
e8egqg5 0 14
e8eqib7 0 8
e8emz4v 1 99
e8eo26a 0 9
e8eb1qs 0 15
e8el5v3 0 2
e8elve7 0 54
e8eo1qm 0 40
e8eqd94 0 23
e8enb5y 1 93
e8e9mwv 0 33
e8ec4gw 3 16
e8e9zhg 1 85
e8eacoy 1 88
e8eiav2 0 439
e8en9td 0 15
e8elsgw 0 38
e8ealyc 0 12
e8eaqgv 3 32
e8eb5rp 5 180
e8effwh 0 33
e8egqf8 1 32
e8eirqx 0 13
e8eivby 0 19
e8ej5by 0 19
e8emlez 1 55
e8emtil 0 18
e8ep5v5 1 21
e8epfuw 0 18
e8eino9 0 113
e8eobpb 0 10
e8eirn9 0 5
e8eeyyo 0 10
e8efnfg 0 16
e8ed49y 0 15
e8edb0z 0 12
e8ef0rx 3 124
e8efuv9 0 32
e8ebw7e 0 87
e8efdpq 1 32
e8eeoad 0 31
e8emwsm 0 14
e8ep9xl 0 8
e8eet6q 0 28
e8emly5 1 74
e8elvd3 1 22
e8ehluy 0 41
e8ekt5c 0 3
e8eneya 0 27
e8enher 0 21
e8eo6n4 0 28
e8ep7hg 1 55
e8epin8 5 73
e8epoz4 0 23
e8e900v 0 26
e8emx0j 0 63
e8earxf 0 50
e8ec78r 0 39
e8edby0 0 63
e8ee2co 0 10
e8ef83j 0 14
e8efpnk 0 9
e8eg9g2 0 28
e8eg2u1 0 28
e8eq18j 0 6
e8el4mi 1 34
e8ecumj 0 18
e8ed9y9 0 49
e8ekl45 0 37
e8eli02 0 51
e8ebtta 0 3
e8ef8id 0 10
e8en0vr 0 19
e8elu5z 0 5
e8eitcb 0 24
e8elg39 0 6
e8ec42a 1 16
e8ed7ul 0 64
e8edxrs 0 49
e8e83e1 1 23
e8efifj 0 15
e8eflbb 0 15
e8efvl2 0 100
e8ehdsp 0 5
e8ekb1u 0 13
e8ekf64 0 35
e8emh5p 1 72
e8emuya 0 75
e8en318 0 41
e8en6rb 0 32
e8el471 0 98
e8elkiw 0 29
e8emwl2 0 16
e8ek9n6 0 8
e8el45s 0 3
e8edf3i 0 15
e8envir 0 4
e8ef6dx 0 2
e8elblg 0 41
e8elckf 0 30
e8ef0s8 0 14
e8elmzr 0 52
e8elp0l 0 17
e8ehxf6 0 1
e8emu5a 0 1
e8eivq3 0 22
e8ejmd7 0 2
e8ejv40 0 7
e8eka61 0 26
e8ekauz 0 4
e8ekv8b 0 14
e8el9lg 0 12
e8elryh 0 8
e8em0zz 0 12
e8em2q2 0 4
e8em33e 0 15
e8em70r 0 45
e8em7x9 0 4
e8emi62 0 15
e8emo1y 0 17
e8enaak 0 19
e8enexq 0 7
e8enhnb 0 48
e8enm3r 0 53
e8enn6m 0 14
e8enp0w 0 32
e8eo4sn 0 42
e8eo94a 1 50
e8eoery 1 5
e8eogbr 0 27
e8eomf4 0 21
e8ep6dn 0 19
e8ep8dy 0 15
e8epbyf 0 21
e8epdey 1 12
e8eplbn 0 23
e8epnn6 0 18
e8epoas 0 32
e8eprsk 3 66
e8eptxl 0 36
e8epxz2 0 3
e8epxzz 2 25
e8eqasy 0 17
e8eqfnc 0 18
e8ej28q 0 40
e8ekcjz 0 20
e8ejd3a 0 30
e8eksjl 0 57
e8en7n6 3 77
e8eh1ks 0 4
e8eiir8 0 17
e8empdv 0 7
e8el5jn 0 1
e8elht8 0 7
e8emeid 0 13
e8e9zvn 0 1
e8eblew 0 8
e8ea6ot 0 22
e8endgw 0 8
e8elx2p 0 16
e8emf4t 0 19
e8efr1t 1 48
e8ejh8u 0 9
e8e8dlh 1 64
e8ejglb 0 63
e8ela4r 0 85
e8enues 1 19
e8emrmw 0 24
e8ep3kr 0 22
e8en9y3 0 47
e8enrt2 0 26
e8eolwv 0 40
e8eoonx 0 2
e8eqj0r 0 13
e8epe5h 0 53
e8ep3t6 0 30
e8ep1m4 0 40
e8epwab 0 8
e8epv9x 0 26
e8epw25 0 17
e8eql6w 1 25
e8emvbc 0 50
e8enib2 0 60
e8ep3ox 0 42
e8emcn1 0 45
e8eo85l 0 14
e8eq9gr 0 12
e8eq91r 0 12
e8eqj3l 1 17
e8eqlwa 0 1
e8eop5p 1 86
e8ep7kr 0 25
e8en0kk 2 84
e8eo0xo 0 53
e8eofz3 0 19
e8eounj 0 31
e8emtql 0 13
e8enq1w 0 37
e8eo64f 0 29
e8eq14s 0 29
e8eou7h 0 48
e8eoydm 0 4
e8ephqs 0 6
e8eouue 1 42
e8epn2p 2 94
e8eq45k 0 6
e8eqbiq 0 20
e8eqbxu 0 11
e8eqcem 0 9
e8eqjc0 0 5
e8eqlta 0 44
e8ent6g 0 13
e8eo7qu 0 3
e8eqf7l 0 6
e8e915r 0 25
e8ecp94 3 99
e8elbep 0 8
e8emmom 0 10
e8emsdc 0 21
e8enzzm 0 26
e8eo586 0 9
e8enqwd 0 29
e8eo0tt 0 2
e8eqd39 0 8
e8envcd 0 20
e8epboi 0 15
e8eq1kh 0 10
e8emilj 0 12
e8eoe50 0 7
e8enux2 0 18
e8ep8fe 2 44
e8emosh 0 65
e8ep2nw 2 26
e8eqmyz 0 18
e8epf55 0 54
e8ephjy 0 17
e8eqksz 2 72
e8enz5g 0 1
e8epuaj 0 61
e8eoqbt 0 46
e8eorso 0 9
e8eoq1x 0 9
e8enuga 0 22
e8eozn1 0 24
e8egd4h 0 16
e8ejgga 0 22
e8eixid 0 40
e8eliaa 0 62
e8elof5 0 54
e8ehqf7 0 34
e8ejyb5 1 36
e8eoe6r 12 24
e8eoped 0 9
e8eoldd 0 23
e8eom85 0 6
e8epupt 0 3
e8eq91x 0 28
e8ek4oz 1 4
e8enbw9 0 29
e8eoqok 0 20
e8eppwh 0 23
e8emswn 0 19
e8eq3o7 0 36
e8ekcuo 0 17
e8emlej 0 7
e8eq5li 1 24
e8el7d8 0 20
e8enpol 2 311
e8ep6r2 0 16
e8ep2mb 1 38
e8eql3b 0 46
e8eqeqq 0 5
e8eo2ve 0 25
e8eo9aq 0 13
e8eodsf 0 11
e8eoz7j 0 10
e8el7dk 0 31
e8eml3u 0 3
e8enz6f 0 4
e8eoh89 0 13
e8epvfw 0 16
e8eq6id 1 26
e8eq87i 0 8
e8eq9hd 1 12
e8eqgu4 0 26
e8eqmln 3 203
e8eqmxn 0 4
e8ek70b 0 15
e8eoax2 0 48
e8eo8t3 0 4
e8epd5m 0 3
e8ens1q 0 21
e8ejccx 0 8
e8ejuti 1 32
e8ek129 0 25
e8elg3w 0 49
e8elkut 0 17
e8eov4u 0 24
e8ephwe 0 4
e8eang6 0 19
e8ef068 0 18
e8elbcr 0 49
e8eljd9 0 15
e8elpqt 0 68
e8em4bg 0 15
e8eml8h 0 17
e8enlez 0 10
e8eq548 0 58
e8eocy0 0 26
e8emkwd 0 28
e8enk6r 0 21
e8eoaac 1 110
e8eqa43 0 31
e8empma 0 43
e8epto8 0 7
e8eofl6 1 36
e8eqi5r 0 37
e8emxes 1 19
e8enodo 1 19
e8epmsf 0 6
e8emc8h 0 57
e8eovpo 1 51
e8enmq4 0 6
e8epdm8 0 13
e8eoy68 0 20
e8em81p 0 2
e8emd8k 0 42
e8eaq3t 0 3
e8el57y 0 3
e8elhel 0 29
e8elpvm 0 39
e8em177 0 15
e8eoidx 10 520
e8em4f7 0 1
e8en4gt 0 21
e8enqt3 0 60
e8enx4k 0 3
e8em6pb 0 59
e8eon1i 1 78
e8en19b 3 33
e8ep5cw 0 15
e8epghs 0 18
e8epk26 0 5
e8empop 0 37
e8enwyh 1 46
e8eo9wb 0 117
e8eojtm 1 114
e8eonj4 0 35
e8en1or 0 4
e8ehvyj 0 17
e8em19o 0 58
e8ekdrj 0 2
e8ek7eu 0 8
e8emxsp 0 16
e8emftc 0 21
e8envsv 0 1
e8epja4 0 14
e8enkvq 0 52
e8enylt 0 24
e8eprag 1 52
e8eq1q7 0 27
e8emqbd 0 2
e8enaya 0 3
e8eot58 0 6
e8epdn0 0 3
e8enoyp 0 6
e8enefg 0 35
e8elgie 0 19
e8emtky 0 27
e8eoeme 0 27
e8emwq7 0 8
e8elyzr 4 160
e8ekmre 1 35
e8em7q9 0 24
e8eog88 0 18
e8eoqf1 0 37
e8epuv4 1 12
e8egph2 0 28
e8eh4v7 0 74
e8ehnkf 0 38
e8enaqj 1 39
e8enfs9 0 9
e8eokrf 0 18
e8epunw 0 42
e8eqbuo 0 20
e8eowmg 0 78
e8ep0wz 1 25
e8epmig 2 94
e8ek7e4 9 102
e8embn3 0 29
e8eoi5x 0 21
e8eldoy 0 11
e8eosg3 0 21
e8epfma 0 14
e8eo7wu 1 16
e8eoktu 0 3
e8emunt 0 21
e8eopih 0 7
e8eouum 0 35
e8ep0zr 0 18
e8epp5o 0 21
e8eqmy7 0 5
e8eoq70 0 110
e8eoyc8 2 91
e8eirrx 1 55
e8eowrr 1 14
e8ekqdn 0 49
e8ekw00 1 62
e8eld80 1 35
e8elhyx 0 30
e8elzil 0 50
e8em562 0 115
e8enj97 0 100
e8emykl 0 16
e8el4fc 0 22
e8elbyc 0 37
e8elh75 1 27
e8emw79 0 1
e8eq7f8 0 6
e8en0sn 1 13
e8eo2zp 0 10
e8eo5ij 0 48
e8enl4i 0 27
e8enz7m 0 18
e8eotnq 0 100
e8epo37 0 58
e8ek0u8 0 19
e8ek3zd 0 102
e8eknoc 2 55
e8ekrtb 1 66
e8el90u 0 31
e8el6i1 0 32
e8eplrr 0 14
e8emep7 0 9
e8ekn9y 0 31
e8eoavr 0 21
e8en164 0 29
e8eo1n4 0 8
e8epexa 0 13
e8eno1o 0 40
e8eo0t8 0 52
e8eobfc 0 54
e8eof8x 1 43
e8epzbf 1 30
e8ekppf 0 8
e8eppt4 0 16
e8eq2pj 0 36
e8e8msx 0 11
e8emq3w 4 57
e8epqnb 0 5
e8eptj2 0 9
e8eq9y4 0 0
e8eosrs 0 55
e8epx22 0 7
e8eqk36 0 22
e8eqh3h 0 17
e8e4zfr 0 7
e8e818k 0 4
e8e9qqf 0 21
e8ehxk0 0 5
e8eibqw 0 4
e8empvz 0 4
e8ep5gh 0 15
e8epj3p 0 4
e8em41d 0 7
e8e8o4m 0 10
e8em485 0 5
e8en5af 0 4
e8eljcs 0 2
e8e8i9v 0 10
e8e7cqv 0 11
e8eiqm0 0 26
e8emj0e 0 19
e8en0zr 0 11
e8enayj 0 12
e8eo8qt 0 27
e8e7im4 2 22
e8eiby0 0 19
e8em7wo 0 28
e8emgas 0 4
e8eo0w3 0 10
e8epplf 0 4
e8enyzp 0 1
e8enwbv 0 14
e8envde 0 27
e8epfr6 0 80
e8eoxbu 0 17
e8emnjm 0 10
e8enb1y 1 183
e8eo6b0 0 26
e8eoql4 0 24
e8eooss 0 40
e8eosoo 0 4
e8eq03m 0 67
e8eqcn8 0 45
e8eorb6 0 11
e8eobxe 0 41
e8eoxy6 1 109
e8eq43y 2 44
e8epw7j 0 84
e8eq9fj 0 1
e8en5ac 0 4
e8eo5lb 0 21
e8emuoo 0 9
e8enqhp 0 20
e8egutt 0 7
e8elf7z 0 36
e8eo6hp 0 74
e8enov9 0 9
e8emddv 0 15
e8eo7h2 0 14
e8emia1 0 20
e8enct2 3 110
e8eoblz 0 53
e8epeje 0 34
e8eifm5 0 6
e8eknyp 0 2
e8enb2n 0 5
e8entmy 1 62
e8elmcx 0 43
e8emc90 0 2
e8en9bi 0 3
e8eo5fz 0 7
e8eo9mw 1 31
e8eotan 0 84
e8epe8i 0 14
e8epxgl 0 6
e8ekq5h 0 11
e8elgxq 0 12
e8elo1l 0 26
e8epffu 0 61
e8e5l5m 0 179
e8edkzu 0 9
e8ekfqm 0 21
e8enilr 0 9
e8eojd9 0 33
e8eqdd6 1 15
e8emvwx 0 19
e8eplpo 0 12
e8en6cc 0 28
e8epadh 0 24
e8e7olq 0 16
e8epmlk 3 55
e8e7l5f 1 39
e8eg7h4 0 15
e8eobrf 0 7
e8eln5a 0 14
e8emkw7 1 13
e8eojr4 0 15
e8eokuh 0 4
e8eotkd 0 57
e8eowor 1 28
e8ep929 0 53
e8eps25 2 41
e8eqc46 0 70
e8eqi52 0 57
e8eqn53 0 11
e8ej25b 0 34
e8elg6r 1 22
e8efvai 1 48
e8ejmmc 0 9
e8emgw4 0 8
e8eoojg 0 11
e8ep0yg 0 23
e8epyev 0 15
e8egp0q 0 7
e8ehbfy 2 9
e8ehjoj 0 21
e8eocgl 0 42
e8eomef 0 56
e8ep1yt 0 23
e8en3ht 0 2
e8enycu 3 182
e8eoyze 0 9
e8ekrxr 0 27
e8elg0n 0 12
e8eq2fu 0 11
e8ely40 0 25
e8eo797 1 55
e8ep27l 0 84
e8enqse 0 22
e8edc2d 0 11
e8ecqu5 0 30
e8emfkl 0 27
e8enhpu 0 10
e8eq6cg 0 19
e8e6xb3 0 3
e8enf62 0 2
e8epyoo 0 6
e8eoziy 0 4
e8en005 0 43
e8eo5kx 0 9
e8eqevu 0 9
e8e5mvs 0 15
e8e8vvo 0 60
e8eaf37 1 34
e8en9t9 0 12
e8eljwy 0 25
e8en8sb 0 11
e8emypx 0 11
e8ekqco 0 30
e8elmi2 0 13
e8elu9q 0 10
e8eoclt 0 11
e8ep1zh 0 26
e8epzoh 1 30
e8enlud 0 13
e8e8b8n 0 39
e8enrv6 1 11
e8ec0pp 0 37
e8eh8qw 1 24
e8ejg83 0 44
e8envgy 0 38
e8epjr8 0 68
e8eppr9 0 28
e8eoaqz 0 4
e8e97se 0 20
e8emg12 0 12
e8e6kz3 0 4
e8e7pq1 0 1
e8emwzd 0 3
e8enzwk 0 15
e8eo48y 0 2
e8eq11q 0 13
e8ecm9o 0 18
e8emvbs 0 19
e8enn4z 0 3
e8elf15 0 2
e8emt5v 0 30
e8endl2 0 38
e8epe81 1 59
e8eoam5 0 55
e8eny15 0 8
e8e6shs 0 12
e8e8mqc 0 19
e8ebjvp 0 22
e8ejvzw 0 12
e8e7dtv 0 1
e8e7g0g 0 5
e8eb26n 0 31
e8e52h9 0 21
e8e5s3p 0 15
e8e5xbv 0 6
e8e6jrx 0 13
e8e731d 0 48
e8e7d37 0 6
e8ebpr2 0 52
e8em2rj 1 9
e8eipug 0 8
e8epm5v 0 8
e8e6ij9 0 23
e8e7efz 1 77
e8eklw1 0 13
e8e6zvl 0 32
e8e8zpd 0 16
e8ehn4r 0 24
e8ep5vt 0 10
e8eop83 0 1
e8e6gec 0 6
e8e74uj 0 21
e8elkdn 2 23
e8epxlu 0 10
e8e7e9d 0 6
e8el970 0 12
e8e7bx0 0 326
e8ej0ry 0 26
e8engip 0 15
e8enq8f 0 6
e8eqku9 0 13
e8emrqb 0 10
e8enn38 0 6
e8epcx4 0 9
e8ep733 0 3
e8epdcs 0 7
e8elb3f 0 2
e8enot9 0 3
e8em61e 0 27
e8enuxf 1 31
e8en7nm 0 80
e8en5p2 0 8
e8eoxd4 0 38
e8ens5d 0 8
e8eplvp 0 10
e8e8dc5 0 2
e8ea6dc 0 21
e8e6k8l 0 20
e8e774o 0 20
e8eq4g9 0 4
e8enl70 0 14
e8ephqy 1 14
e8edwv4 0 16
e8ep0ss 0 22
e8e4ojd 0 19
e8e79ev 0 22
e8eif43 0 8
e8enytb 0 11
e8e7aun 0 4
e8emxrg 0 5
e8enulh 0 11
e8eo72b 0 385
e8emtj6 0 16
e8eossc 0 7
e8ec10v 0 51
e8ejnca 0 8
e8ekog9 0 11
e8elw8a 0 11
e8elx6l 0 1
e8ems53 0 19
e8ene1r 0 5
e8enlvb 0 18
e8enu1v 0 2
e8eclm8 0 22
e8ekqcz 0 5
e8enz1y 0 22
e8emt5q 0 17
e8eo79n 0 12
e8eeuzf 0 25
e8ell6i 0 9
e8emoij 0 5
e8emw82 0 4
e8emyp5 0 10
e8en6q5 0 4
e8enevj 0 14
e8epoy2 1 17
e8enj03 1 93
e8eo3fs 0 21
e8eosbj 1 35
e8epz1r 1 11
e8ennko 0 20
e8enqyb 0 13
e8eo1xs 0 25
e8epcij 0 10
e8epy1s 0 89
e8eq2r2 0 13
e8eaj28 0 9
e8ek1b7 0 10
e8eniuy 0 4
e8ekstw 0 28
e8en4t2 0 27
e8ellea 0 8
e8elqxg 0 43
e8emhu4 1 93
e8enbmg 0 20
e8enmjs 0 20
e8en2m4 0 38
e8enu9r 0 10
e8em73m 0 48
e8eqch9 0 26
e8enodt 0 11
e8eoect 0 23
e8eomgv 0 11
e8eot9t 0 19
e8eoymt 0 9
e8eqdd5 0 7
e8eobav 0 8
e8eorpi 0 55
e8e4thx 0 26
e8e5zob 0 14
e8e6q9q 0 49
e8e70g1 0 9
e8e8l8m 0 11
e8e9csm 0 18
e8ea4r9 0 15
e8ehi5k 0 9
e8ekdci 0 16
e8elr0d 0 25
e8epk5y 0 4
e8e7oij 0 22
e8eky6f 0 43
e8eod8q 1 99
e8e6gqw 0 31
e8e8ysb 0 11
e8eosfk 0 41
e8eps32 0 43
e8emwkt 0 15
e8e7rjt 0 12
e8en2za 1 268
e8efq6v 1 79
e8eplsj 0 3
e8ehioj 0 6
e8e64j2 0 52
e8emcng 0 45
e8en7hl 1 91
e8eoa1a 2 50
e8eqjum 0 59
e8eno12 0 205
e8enw6f 1 86
e8eq4gg 0 64
e8enh64 7 39
e8eo490 0 32
e8e82zv 0 47
e8en8c3 0 80
e8en8tm 0 21
e8ep4h0 0 29
e8enete 0 18
e8epyht 3 39
e8e6fhn 0 23
e8e7bvp 0 4
e8e8sbv 0 6
e8e7mtq 0 12
e8ekozh 0 1
e8eibaw 0 10
e8enqpb 0 9
e8emiu0 0 17
e8enbzc 1 14
e8ep5qh 0 15
e8en7mb 0 12
e8e7od7 0 1
e8ejuju 0 2
e8ekif0 0 27
e8eq25y 0 11
e8eil61 0 11
e8elhwe 0 9
e8epvw4 0 47
e8eplqq 0 33
e8eo9ie 2 50
e8e7csg 1 56
e8emmof 0 33
e8ephgv 0 26
e8eqdwq 1 15
e8epazq 1 23
e8eb8si 0 32
e8ep8ln 0 37
e8emv4z 0 38
e8eoe8o 0 18
e8eot1y 0 13
e8e7gix 0 10
e8emwuj 0 37
e8eiaef 3 54
e8eq4ub 2 87
e8elp6h 0 1
e8em2gz 0 17
e8emeof 0 35
e8emmdf 0 21
e8em3uq 1 30
e8empjc 0 2
e8emmfz 0 1
e8eoawa 0 6
e8en3wt 0 54
e8eociu 0 3
e8en7xu 0 84
e8eoet9 1 62
e8eotcc 0 13
e8epgfe 0 3
e8en6jy 0 11
e8eqkt2 0 8
e8eimhy 0 2
e8elu9o 0 8
e8en554 0 5
e8eo55f 1 26
e8eoulw 0 8
e8emgo1 0 8
e8emy61 0 36
e8eml15 0 17
e8en1rt 0 19
e8epw0u 0 11
e8en5df 0 1
e8en0ck 0 12
e8en3tm 0 15
e8eniqq 0 7
e8eo3dr 0 6
e8epazi 0 4
e8enver 0 38
e8eoifg 0 20
e8eomqt 0 31
e8eorm4 0 18
e8ep06r 0 65
e8epbf5 0 193
e8eqjp8 1 244
e8epj9j 0 48
e8ep3o1 0 1
e8ep64j 0 18
e8eq4rb 0 26
e8eq979 1 36
e8epj01 0 95
e8epm3l 0 22
e8eqor3 0 41
e8eoqh2 1 64
e8emplj 0 15
e8enl6x 0 5
e8enu7v 0 1
e8eoaay 0 18
e8eodaf 0 22
e8ep16i 0 19
e8ephba 0 12
e8epm0e 0 19
e8epsha 0 6
e8eqcks 0 6
e8engv6 0 13
e8egvt8 0 56
e8eljo4 0 73
e8em8by 0 41
e8emq50 0 83
e8eo875 0 18
e8eon6v 0 38
e8epd3y 5 45
e8epv4i 0 37
e8eoj0f 0 8
e8emkmi 0 26
e8eo1l9 0 22
e8e5wsu 0 20
e8e70rr 0 10
e8e85pz 0 28
e8elg8b 0 16
e8engxn 0 4
e8epvni 2 64
e8ejtjo 0 7
e8enfi4 0 7
e8em6sn 0 25
e8emkvg 0 15
e8en0jp 0 28
e8enqef 0 13
e8emzca 0 21
e8en9ta 0 42
e8e7y9v 0 10
e8egquf 0 78
e8emork 1 93
e8eno18 0 9
e8eph7k 0 15
e8e9eyb 0 15
e8ecb9v 0 10
e8eet34 0 13
e8eet4v 0 11
e8ef3ri 0 10
e8enydx 0 2
e8efuzv 0 22
e8ego3b 0 11
e8ehskn 0 20
e8ekd77 0 15
e8ekqvl 0 13
e8engtr 0 1
e8el1en 0 21
e8elx46 1 89
e8el6js 0 2
e8el705 0 24
e8el8up 0 5
e8elb9i 0 8
e8emp3x 0 5
e8elf37 1 16
e8eliol 0 7
e8elmnv 0 1
e8elnr3 0 2
e8elprg 2 9
e8elsp5 0 5
e8elxsb 0 29
e8elzm7 0 4
e8em6a3 0 11
e8em9f9 0 10
e8ema36 0 1
e8epf93 1 19
e8emcud 0 142
e8emczz 0 6
e8emeqg 0 25
e8emhxw 0 20
e8eminu 1 26
e8emj2k 0 18
e8emj9x 0 10
e8emjs2 1 34
e8emnz4 2 35
e8emosd 0 6
e8emvyh 0 63
e8emyj9 0 9
e8en0p7 0 10
e8en15g 0 7
e8en2yv 0 2
e8en51k 0 10
e8en66r 0 38
e8en81o 0 4
e8enf06 0 12
e8enn0j 0 9
e8eo187 0 1
e8eo1rl 0 18
e8eo1ta 0 23
e8eo2q5 0 9
e8eob0z 0 22
e8eoilh 0 18
e8ep4bk 0 25
e8ep4eh 0 31
e8ep9b8 0 9
e8epoog 0 51
e8epxg2 0 24
e8epb1e 0 12
e8epfp7 0 7
e8epgl0 0 15
e8epmc8 0 22
e8epmqu 0 3
e8epp7y 0 4
e8epriv 0 3
e8epx2u 0 31
e8epycb 0 17
e8epyn4 0 4
e8eq0gd 0 35
e8eqa1b 0 10
e8eq15w 0 13
e8eq1xa 1 72
e8eq264 0 21
e8eq8dp 0 4
e8eq8i7 0 24
e8eqafq 0 26
e8eqd0c 0 9
e8eqdd8 0 16
e8eqisu 0 14
e8eaoma 0 10
e8ejl95 0 8
e8enydq 0 31
e8enf8q 1 132
e8eq9we 1 199
e8elf4n 0 43
e8emnod 1 42
e8emszu 0 36
e8eou85 0 5
e8e5t0k 0 26
e8e7n2u 0 14
e8e7tqa 0 13
e8elokk 0 6
e8elotf 0 8
e8els84 0 28
e8eo4op 0 35
e8em6f2 0 12
e8elsnp 0 13
e8em3tg 0 5
e8em553 0 16
e8egz7j 0 70
e8epghx 0 11
e8e97lc 0 15
e8ef851 0 15
e8ef9ez 0 9
e8efang 0 69
e8efcku 0 13
e8efn4n 0 12
e8efq79 0 20
e8efukv 0 13
e8egzob 0 6
e8eh316 0 12
e8ehdbp 0 18
e8ehg80 0 8
e8ehn1i 0 5
e8ehprr 0 11
e8ehx4r 0 22
e8ei5bc 0 7
e8ei5g6 0 8
e8eitkx 0 4
e8ejcfi 0 1
e8ejfud 0 27
e8ejh0j 0 3
e8ejpgk 3 63
e8ejpis 0 17
e8ejz57 0 7
e8ek31w 0 11
e8ek8f7 0 7
e8ek988 0 7
e8eke8p 0 1
e8eki9h 0 41
e8ekj2f 0 13
e8ekj2o 1 32
e8ekz0g 0 13
e8ekzmz 0 31
e8el4es 0 23
e8el4g9 0 6
e8el4wu 0 10
e8el9hb 0 20
e8elaog 0 7
e8eldmr 0 6
e8eljc0 0 7
e8elkcj 0 10
e8eln6h 0 8
e8elpk3 0 6
e8elpn9 0 3
e8elpnf 0 6
e8elrhq 0 14
e8em8hw 0 28
e8elsfq 0 21
e8elupa 0 25
e8elzex 0 6
e8em1hl 0 8
e8em1w9 0 19
e8em3gv 1 39
e8enymb 0 35
e8em3ic 0 7
e8em5dk 0 5
e8emb69 0 2
e8embi2 1 67
e8embiv 0 4
e8emd46 0 32
e8emen9 0 10
e8emfgn 0 21
e8emha9 0 5
e8emhnx 0 10
e8eminh 0 10
e8emjuh 0 5
e8emkjw 0 34
e8emkn9 0 1
e8emm05 0 16
e8emp38 0 1
e8emozd 0 20
e8emq2c 0 5
e8emrrc 0 2
e8emsjl 0 8
e8emufa 0 12
e8emuj5 0 2
e8emw13 1 11
e8emxrr 0 1
e8en06a 0 23
e8en156 0 3
e8en1zg 0 15
e8en2ww 1 23
e8en485 0 71
e8en4nw 0 12
e8en85i 0 2
e8en4s8 0 5
e8epyfx 0 2
e8en5m2 0 15
e8en6kq 0 6
e8en71m 0 3
e8en8i0 1 12
e8en9w1 0 22
e8en9xx 0 7
e8enaiz 0 30
e8enan9 0 17
e8enauu 0 38
e8enb24 0 26
e8enbe9 3 61
e8enewj 0 9
e8enfjc 0 9
e8enh24 0 21
e8enz16 0 3
e8eni0h 0 28
e8enjy6 0 38
e8enk0f 0 12
e8eopmj 1 58
e8eoze8 0 7
e8ep8d9 1 27
e8enl9m 2 32
e8enlvx 0 11
e8enmty 0 12
e8ennea 0 28
e8enptr 0 23
e8enw7a 0 18
e8enw85 0 3
e8enzl8 0 43
e8eo43y 0 9
e8eo7q7 0 30
e8eo9bf 0 6
e8eomq3 0 18
e8eoxwd 1 53
e8eo7x9 0 5
e8eo9l1 0 3
e8eo9mp 0 50
e8eobsd 0 4
e8eoffb 0 11
e8eojt8 0 6
e8eokqa 0 21
e8eomau 0 40
e8eosnc 1 42
e8eoq3h 0 22
e8eoqqs 0 12
e8eoqu0 1 27
e8eoqu3 0 17
e8eor2y 0 10
e8eor84 0 17
e8eosaz 0 2
e8eosd1 0 11
e8eotz5 0 1
e8eou1w 0 17
e8eousu 0 1
e8eownd 0 11
e8eowyc 0 14
e8eoyqs 0 13
e8ep054 3 26
e8ep0o3 0 14
e8ep0xy 0 19
e8ep1ia 0 98
e8ep1sa 0 25
e8ep2c1 0 12
e8ep2tj 0 13
e8ep2ws 0 24
e8ep34b 0 9
e8ep3kl 0 90
e8ep5n9 0 5
e8ep8ft 0 1
e8ep8h4 0 9
e8ep8wz 0 104
e8epasp 0 23
e8epik9 0 32
e8epjan 0 12
e8epjfn 0 22
e8epo7t 0 11
e8eppdk 0 32
e8epsm5 0 6
e8ept3f 0 5
e8epu7c 0 9
e8epuoq 0 16
e8epw5m 0 15
e8epy2d 0 9
e8epyft 0 10
e8eq0v4 0 19
e8eq1d4 0 4
e8eq6ts 0 14
e8eq8b4 0 12
e8eq8qj 0 19
e8eqan2 2 9
e8eq9s1 0 21
e8eqa87 0 11
e8eqbrt 0 28
e8eqct5 0 5
e8eqdzd 0 16
e8eqgm1 1 37
e8eqgog 2 15
e8eqk2e 0 10
e8eqk7z 1 48
e8eqkm4 1 26
e8eql53 0 9
e8eqljl 2 65
e8eqmch 0 23
e8el3qe 0 28
e8eolg9 1 28
e8eozxg 0 5
e8ep4l8 0 19
e8eproj 0 101
e8ep6be 0 25
e8e6x2h 0 42
e8elckt 0 33
e8en264 0 18
e8enauj 2 38
e8enfy0 0 3
e8enikk 2 53
e8eogze 0 30
e8ep7p1 0 22
e8epsyj 0 9
e8eq4u9 0 4
e8enegb 0 10
e8eobml 0 7
e8eogxx 0 3
e8eo6dm 0 314
e8ee43b 0 6
e8enu9o 0 8
e8eodlk 0 9
e8ei7n1 1 22
e8eokn3 0 35
e8ep99o 0 47
e8epfhu 0 60
e8eq1bo 0 6
e8eptot 0 37
e8eqcau 0 191
e8eqod5 0 20
e8ekl7m 0 16
e8en9me 2 22
e8eq3y6 0 13
e8el5f5 1 67
e8elro7 1 60
e8eo5qt 1 64
e8em34f 1 74
e8enxwj 0 53
e8epb6v 1 47
e8epm31 0 46
e8eq0nn 0 4
e8eq5h7 0 22
e8eqjho 1 51
e8en925 2 52
e8eoozc 0 35
e8elvzz 1 184
e8eo23c 0 33
e8eme1y 0 49
e8emqx4 0 37
e8ekad4 0 11
e8emxz7 0 7
e8enim9 0 6
e8emw75 0 16
e8eni0j 0 16
e8ep2bm 0 10
e8eptcx 0 22
e8emuve 1 43
e8epdff 1 68
e8eq15f 2 78
e8eq1ew 0 29
e8eq5xs 0 30
e8eqh04 1 32
e8eq6ma 0 38
e8en9tb 0 6
e8eofm0 0 12
e8eocwi 0 1
e8eqp4i 1 27
e8emjgp 0 72
e8en4hh 0 5
e8enb2g 0 5
e8eodu7 1 13
e8ep6g1 1 79
e8eot5u 0 56
e8eqq1u 0 8
e8en3qi 0 3
e8e5jh4 0 9
e8ely5t 0 50
e8emf6i 0 22
e8enuc6 0 82
e8emxjr 0 48
e8eng5n 0 38
e8eple0 0 33
e8eqcnl 3 88
e8eo5bh 0 11
e8eli7h 0 7
e8emtgm 0 7
e8en5ca 0 9
e8enred 0 16
e8epzyc 0 40
e8emzu6 0 7
e8encfk 0 32
e8enlem 0 78
e8eosui 2 272
e8encj0 0 11
e8enf59 0 14
e8epxr5 0 24
e8elpmu 0 25
e8ema6p 0 13
e8en9l7 0 16
e8enrzf 2 61
e8enp85 1 89
e8en8xj 0 24
e8ep8za 0 19
e8epjvx 0 68
e8eoke6 0 12
e8emk4d 0 10
e8endyq 0 27
e8em5wz 0 38
e8ennv0 0 17
e8enrtf 0 2
e8enwwy 0 1
e8epk7j 0 8
e8epusi 0 39
e8eo8u3 0 23
e8epy0z 2 52
e8eqe7y 0 4
e8enyq4 0 134
e8eo1ch 0 5
e8eozfi 0 41
e8eprkc 1 14
e8eo2vt 0 10
e8epiq3 0 22
e8eioo6 0 25
e8ekv33 0 10
e8epi6t 0 7
e8eq6c5 1 22
e8eq7ar 0 117
e8emrpl 0 27
e8enz44 0 40
e8eohdx 0 7
e8epibw 0 26
e8emapc 0 5
e8emi82 0 3
e8egzza 0 52
e8eii4u 1 35
e8elnh9 0 39
e8em48g 5 196
e8elyx3 1 21
e8embsk 0 36
e8en21a 0 19
e8enf31 0 20
e8emfni 0 16
e8enqpv 0 7
e8em4hs 4 114
e8em593 0 70
e8em29n 0 9
e8eminc 0 21
e8elyvj 0 15
e8em6e9 0 35
e8elzlw 0 27
e8elsnc 0 10
e8en3dr 0 16
e8enwdo 2 43
e8elu9l 0 2
e8emvhu 0 47
e8ekvpz 0 17
e8elzxu 1 17
e8enoyq 1 24
e8encpf 2 26
e8emvxz 0 35
e8en3pd 1 32
e8enhae 1 95
e8eoi9b 0 43
e8en8ou 0 24
e8eog1u 0 115
e8en4ua 0 35
e8ensp2 0 29
e8enw8g 0 15
e8eo3bx 0 25
e8eo88c 0 15
e8eoy8w 1 265
e8ep1ha 0 48
e8epee7 0 170
e8en90d 0 18
e8epbk9 0 12
e8ephmk 0 20
e8enf17 0 16
e8eo613 0 8
e8eofcw 0 6
e8ep79a 0 21
e8eni04 0 1
e8enpmr 1 23
e8eokov 2 87
e8eoofb 0 9
e8epa00 0 9
e8epmaw 0 24
e8eq3lj 0 6
e8eqkew 0 17
e8eoatk 0 15
e8eo6xg 0 35
e8eljwj 0 40
e8elw39 0 11
e8em1b2 0 10
e8em9w1 3 42
e8en7va 1 68
e8encf3 0 6
e8enfwe 0 26
e8enivy 0 20
e8enk18 1 37
e8enol5 0 12
e8entgt 2 22
e8em853 1 63
e8emb24 0 9
e8emi68 0 6
e8emjfk 0 23
e8en07i 0 26
e8eneko 0 8
e8enuim 0 9
e8enk9p 0 89
e8enj7q 0 10
e8enupe 1 14
e8enydz 0 43
e8emh2y 0 28
e8enjso 0 22
e8enfax 0 15
e8eo68t 0 18
e8eoaog 0 6
e8epjp5 0 5
e8epmh3 0 13
e8eobad 0 15
e8ej2qq 0 31
e8em40b 0 9
e8emdpu 0 22
e8emfcd 0 3
e8emmle 0 17
e8en8n5 0 11
e8enflz 0 12
e8enfq6 1 22
e8enwtg 0 2
e8eo28v 0 11
e8eodwy 1 35
e8eonk0 0 16
e8ep87u 0 38
e8eqfbe 1 123
e8epmht 0 31
e8epo98 1 41
e8eq09h 0 16
e8eqd8h 0 36
e8eqgqt 0 49
e8ekllg 2 69
e8elm3o 0 31
e8eo0wy 0 12
e8elrhc 0 42
e8em0ie 1 78
e8emm3r 0 30
e8em2jr 0 19
e8elgpv 0 20
e8em5c3 0 28
e8eo8z3 0 212
e8eh6ib 0 32
e8ekqgx 0 10
e8eljff 0 30
e8el9vs 0 52
e8ell76 1 50
e8enw8x 0 27
e8emp5t 0 32
e8elv2l 1 29
e8enfun 0 8
e8enfjk 2 35
e8e5ols 1 16
e8egkrz 0 10
e8ekir1 0 9
e8elb4w 0 11
e8en013 0 20
e8enrub 0 17
e8eo4jl 1 13
e8epetj 0 1
e8eoa5s 0 12
e8ep4qw 1 125
e8ephsv 0 87
e8eqo20 0 6
e8epl8c 0 3
e8eqmbu 0 4
e8eplzw 0 12
e8epqf9 0 84
e8epx79 1 36
e8epwt2 4 81
e8eq55e 1 40
e8elpt9 0 21
e8em5f5 0 3
e8elq12 0 1
e8eporb 0 6
e8eh3jn 0 16
e8enjvh 0 13
e8enygb 0 21
e8eo3h6 0 37
e8eo8wy 0 12
e8eobjh 0 20
e8eof5p 3 28
e8eomjb 0 32
e8eopig 0 32
e8eor42 0 5
e8eoscd 0 2
e8eota9 0 12
e8eovsz 0 2
e8eozl4 0 11
e8eom96 0 33
e8eoprz 0 20
e8eo3ov 2 18
e8eo5sh 0 18
e8eol5v 0 30
e8eoo5f 0 6
e8eoqlo 0 10
e8eos95 0 8
e8epo6k 0 11
e8epdgx 0 11
e8eqr84 0 10
e8epgr1 0 14
e8epia0 0 4
e8epl7q 0 10
e8eppjd 0 47
e8epyfp 0 13
e8eq64n 0 20
e8eqp49 0 5
e8epocy 0 26
e8epqcq 0 65
e8eqjz6 0 6
e8eg10l 0 29
e8ejmmp 0 17
e8enfjf 0 4
e8e7wtc 0 32
e8ec3qw 0 13
e8ectwm 0 20
e8ed059 0 17
e8ed9bz 0 16
e8egaq9 0 19
e8eks3h 0 40
e8eluuk 0 1
e8el7zi 0 25
e8ebajg 0 33
e8ebpmr 0 42
e8egc6f 0 4
e8elmqu 0 28
e8eljwk 0 36
e8eo7ys 0 9
e8eo8fi 0 0
e8emb22 0 12
e8emfzt 0 30
e8enlab 0 18
e8eoj9k 0 11
e8ejxcw 0 11
e8em4jz 0 21
e8emu6h 0 6
e8ef2is 0 11
e8efk58 0 31
e8efyy2 0 106
e8ej6y3 0 41
e8emd83 0 25
e8emf2w 0 13
e8emldc 0 15
e8emg5v 0 10
e8emqy8 0 7
e8e9vav 0 64
e8ebbxk 0 2
e8ec0qc 0 30
e8ecf2q 0 10
e8eda0r 0 10
e8elsaw 0 14
e8e4sh3 0 20
e8e5jzw 0 37
e8e7s7f 0 17
e8e5obj 1 91
e8ecv4l 0 12
e8eq7tb 0 36
e8ebg02 0 18
e8e5mlb 0 13
e8ej3by 1 30
e8e5zx0 0 18
e8ejj6m 1 67
e8ekp77 0 10
e8ejxyj 0 19
e8eknga 1 37
