CDBaller 47KiNG47 CrankyPupper96 Tomgall brokenheelsucks morejpeg_auto samwaise thatdudewillyd xXx_IronicDabs_xXx -General__Reposti- A-long-sleeve Alfitron AlphaTheJob Ancient_Aliens_Guy Arbi990 AromaticTicket Artistocat1 Babayaga20000 BeatJirenMyOwnWay Bimbiau BongusWeirdo Calebfrisby De-Hond DeltaCrops DevaPath_Winchester Doltergeist EpicTShirt EronMusk GaebRush Gargamelle_the_wise Geperdy IHateNaziPuns IS_THAT_ICE_CREAM I_Love_BB8 IsThisNameValid Javyz JazzyAces808 JediMasterImagundi JerenAsiani JudahBurch Khrysis_27 Lokyyo LordKhaaaan LuckyCoveralls LurkingShadows2 ManGotCan MinishTheKid MopedsRCool MortalDanger00 NS77X NoliteTimere Nuggetry Obito_GF PMMeTitsAndKittens Pain-au-ch0c0lat PhatBitty862 PurelyCreative Pwaum Raven_Nevermore131 RyeDoge Saltytimr SarcasticAce SentientSpaghetti SigmaSyphus SimplebutAwesome SmoothRide SpecificZod SugioSnoipar TheDanquah TheMachine71 TheUnaverageJoe The_Irish_Jet Tsorovar Withinmyrange Yujiri _jvc123 arup02 barwhalis basehitwinsit brianfallen97 buttonmasher525 cReidsMyth captwafflepants chawmindur deluxeboxes dougm68 eggonsnow gr8gh0st hasrock36 heinzii hithere297 hoodatninja jayt1203 jdgoldfine judgeJuryxecutioner kiwidude4 laaerpig linuxlover3000 lordofslam lordolxinator mfa_sammerz mh13570 mrgann never_listens onmondale pachydermusrex peaceundivided redsec317 rocket_raccon sebool112 shiny_lustrous_poo space_cadet_AZ stormtroopr1977 subwayterminal9 thatguy99998 tylercoon wslmllr xwedodah_is_wincest zbeaman 2941499

Krennix_Garrison AssassinTaxi Imgeneparmesian Lenin321 Magic_Seal MisterPresidented Pille1842 Russian_repost_bot Sheldonjohnson89 Yunsar barcholomew corectlyspelled dionthesocialist 221948

9lbbff 0 2
e75fqb9 0 9
e75j9er 0 9
e75n5cg 1 12
e75t519 0 9
e75xytg 0 9
e75qy5i 0 8
e75yvqc 1 9
e75onm1 0 8
e76abvm 0 5
e75nupx 0 3
e75qiog 0 17
e76111l 0 8
e75reyc 0 2
e75e753 1 9
e75ebup 0 6
e75n1s3 0 5
e75ofpw 0 1
e75txsh 0 1
e76jqqu 0 1
e76cist 0 4
e75p73l 0 3
e7679x7 0 2
e75d29c 0 2
e75fzeq 0 5
e75hig4 0 6
e75ii94 0 6
e7664q7 0 3
e75iol6 0 7
e75zecz 0 10
e76ce3z 0 7
e75n5yz 0 3
e75y41v 0 6
e75lnhq 0 8
e76nxwn 0 12
e75lswc 1 6
e75uhvc 0 4
e75y218 0 2
e75i0up 0 2
e75n8ru 0 1
e75lmd8 0 2
e75w8xu 0 14
e75hkx8 0 21
e75k2b0 0 7
e75km7x 0 19
e76b0py 1 22
e76hw7g 0 10
e76texs 0 1
e75h5tz 0 2
e75jmxo 0 11
e75gj1m 0 2
e75o8b8 0 6
e75r96r 0 1
e75ww8e 0 12
e75eif4 0 11
e75ki8n 2 13
e75nbhx 0 6
e765y66 0 5
e76f6ok 0 3
e75gyfk 0 3
e75ip2p 0 3
e75kbr1 0 2
e75boil 0 5
e75hpw6 0 17
e75lf9x 0 10
e75m6yp 0 4
e75obkj 0 11
e75k1wk 0 2
e75ktrv 0 3
e75ku9t 0 25
e75lfld 0 2
e75m4hr 0 2
e75gtex 0 6
e75od46 0 11
e75kxg8 0 66
e75gqy8 0 3
e75hv1q 0 5
e75ncwt 0 3
e75ih8e 0 11
e75iyod 0 9
e75jzw4 0 5
e75kf15 0 2
e75kq2p 0 4
e75mi32 0 4
e75neph 0 16
e75nnvr 0 5
e75qgi5 0 2
e75uhtp 0 4
e76sgb4 0 19
e75kue9 0 2
e75jlgw 0 1
e75jovj 0 11
e75js4t 0 3
e75jy33 0 1
e75k8z4 0 5
e75l4ny 0 6
e75lpxr 0 9
e75mvnk 0 9
e75o0rn 0 16
e75okdq 0 2
e75otxg 0 2
e75ovvv 0 5
e75pkyh 0 13
e75q02d 0 2
e75qeja 0 3
e75qerb 0 17
e75qm74 0 2
e75qzs5 1 21
e75r96g 1 25
e75rbcf 0 10
e75rem6 0 10
e75si0o 0 7
e75t917 0 30
e75vbgq 0 10
e75vtld 0 11
e75vvxa 0 1
e75w1fy 1 20
e75xnen 0 2
e75xr8b 0 9
e75y2xg 0 10
e75z38t 0 10
e75z3ja 0 2
e75zike 0 1
e75zydm 0 12
e761372 0 6
e7624zh 0 13
e762lwm 0 6
e762rgc 0 30
e763jdo 0 8
e767loh 0 13
e768hev 0 2
e7692oi 0 10
e769eou 0 6
e769l8u 0 2
e76ar3m 0 3
e76cewk 0 25
e76ewtc 0 13
e76ft95 0 5
e76i6be 0 3
e75rr6y 0 19
e75jfpr 0 9
e75uj3s 0 4
e75wbyw 0 3
e75m7fn 0 2
e75ojvl 0 2
e75vdvb 0 3
